d:\my_projects\kpi\space_invaders\space_invaders\x64\release\vc142.pdb
d:\my_projects\kpi\space_invaders\space_invaders\x64\release\rectangleshape.obj
d:\my_projects\kpi\space_invaders\space_invaders\x64\release\space_invaders.obj
d:\my_projects\kpi\space_invaders\space_invaders\x64\release\score.obj
d:\my_projects\kpi\space_invaders\space_invaders\x64\release\player.obj
d:\my_projects\kpi\space_invaders\space_invaders\x64\release\mainwindow.obj
d:\my_projects\kpi\space_invaders\space_invaders\x64\release\keyboard.obj
d:\my_projects\kpi\space_invaders\space_invaders\x64\release\invaderscontroller.obj
d:\my_projects\kpi\space_invaders\space_invaders\x64\release\invader.obj
d:\my_projects\kpi\space_invaders\space_invaders\x64\release\gameobject.obj
d:\my_projects\kpi\space_invaders\space_invaders\x64\release\game.obj
d:\my_projects\kpi\space_invaders\space_invaders\x64\release\collizion.obj
d:\my_projects\kpi\space_invaders\space_invaders\x64\release\bulletcontroller.obj
d:\my_projects\kpi\space_invaders\space_invaders\x64\release\bullet.obj
d:\my_projects\kpi\space_invaders\x64\release\space_invaders.ipdb
d:\my_projects\kpi\space_invaders\x64\release\space_invaders.iobj
d:\my_projects\kpi\space_invaders\x64\release\space_invaders.pdb
d:\my_projects\kpi\space_invaders\x64\release\space_invaders.exe
d:\my_projects\kpi\space_invaders\space_invaders\x64\release\space_invaders.tlog\cl.command.1.tlog
d:\my_projects\kpi\space_invaders\space_invaders\x64\release\space_invaders.tlog\cl.read.1.tlog
d:\my_projects\kpi\space_invaders\space_invaders\x64\release\space_invaders.tlog\cl.write.1.tlog
d:\my_projects\kpi\space_invaders\space_invaders\x64\release\space_invaders.tlog\link.command.1.tlog
d:\my_projects\kpi\space_invaders\space_invaders\x64\release\space_invaders.tlog\link.read.1.tlog
d:\my_projects\kpi\space_invaders\space_invaders\x64\release\space_invaders.tlog\link.write.1.tlog
d:\my_projects\kpi\space_invaders\space_invaders\x64\release\space_invaders.tlog\space_invaders.write.1u.tlog
